<?xml version="1.0" encoding="UTF-8"?>
<testng-results skipped="0" failed="0" ignored="0" total="1" passed="1">
  <reporter-output>
  </reporter-output>
  <suite name="Default suite" duration-ms="20335" started-at="2022-11-14T12:50:36 CST" finished-at="2022-11-14T12:50:56 CST">
    <groups>
    </groups>
    <test name="Default test" duration-ms="20335" started-at="2022-11-14T12:50:36 CST" finished-at="2022-11-14T12:50:56 CST">
      <class name="test.ValidateMonthTest">
        <test-method status="PASS" signature="navigatetoUrl()[pri:0, instance:test.ValidateMonthTest@33f88ab]" name="navigatetoUrl" is-config="true" duration-ms="2921" started-at="2022-11-14T12:50:36 CST" finished-at="2022-11-14T12:50:39 CST">
          <reporter-output>
          </reporter-output>
        </test-method> <!-- navigatetoUrl -->
        <test-method status="PASS" signature="getMonthList()[pri:0, instance:test.ValidateMonthTest@33f88ab]" name="getMonthList" duration-ms="528" started-at="2022-11-14T12:50:39 CST" finished-at="2022-11-14T12:50:39 CST">
          <reporter-output>
          </reporter-output>
        </test-method> <!-- getMonthList -->
        <test-method status="PASS" signature="teardown()[pri:0, instance:test.ValidateMonthTest@33f88ab]" name="teardown" is-config="true" duration-ms="16833" started-at="2022-11-14T12:50:39 CST" finished-at="2022-11-14T12:50:56 CST">
          <reporter-output>
          </reporter-output>
        </test-method> <!-- teardown -->
      </class> <!-- test.ValidateMonthTest -->
    </test> <!-- Default test -->
  </suite> <!-- Default suite -->
</testng-results>
